2025-12-16 15:09:22 | INFO     | discord_bot | ==================================================
2025-12-16 15:09:22 | INFO     | discord_bot | ุจุฏุก ุชุดุบูู ุงูุจูุช...
2025-12-16 15:09:22 | INFO     | discord_bot | ==================================================
2025-12-16 15:09:26 | INFO     | discord_bot | ุงูุจูุช ูุชุตู: Zex-bot (ID: 1450044386606841928)
2025-12-16 15:09:26 | INFO     | discord_bot | Discord.py Version: 2.6.4
2025-12-16 15:09:26 | INFO     | discord_bot | Python Version: 3.11.13 (main, Jun  3 2025, 18:38:25) [GCC 14.3.0]
2025-12-16 15:09:26 | INFO     | discord_bot | โ ุฌููุน ุงูุฌุฏุงูู ุฌุงูุฒุฉ โ
2025-12-16 15:09:26 | INFO     | discord_bot | โ ูุงุนุฏุฉ ุงูุจูุงูุงุช ูุชุตูุฉ ุจูุฌุงุญ
2025-12-16 15:09:26 | INFO     | discord_bot | ุจุฏุก ุชุณุฌูู ุงูุฃูุงูุฑ...
2025-12-16 15:09:26 | INFO     | discord_bot | โ ุชู ุชุณุฌูู ุฃูุงูุฑ ุงูุฅุฏุงุฑุฉ
2025-12-16 15:09:26 | INFO     | discord_bot | โ ุชู ุชุณุฌูู ุฃูุงูุฑ ุงูุฅุนุฏุงุฏุงุช
2025-12-16 15:09:26 | INFO     | discord_bot | โ ุชู ุชุณุฌูู ุฃูุงูุฑ ุงููููุนุฉ ุจูุฌุงุญ
2025-12-16 15:09:26 | INFO     | discord_bot | โ ุชู ุชุณุฌูู ุฃูุงูุฑ ุงููููุนุฉ
2025-12-16 15:09:26 | INFO     | discord_bot | โ ุชู ุชุณุฌูู ุฃูุงูุฑ ุงูุฑุฏูุฏ ุงูุชููุงุฆูุฉ
2025-12-16 15:09:26 | INFO     | discord_bot | โ ุชู ุชุณุฌูู ุฃูุงูุฑ ุงูุชุฐุงูุฑ
2025-12-16 15:09:26 | INFO     | discord_bot | โ ุชู ุชุณุฌูู ุฃูุงูุฑ ุงููุฑุญ ุจูุฌุงุญ
2025-12-16 15:09:26 | INFO     | discord_bot | โ ุชู ุชุณุฌูู ุฃูุงูุฑ ุงููุฑุญ
2025-12-16 15:09:26 | INFO     | discord_bot | โ ุชู ุชุณุฌูู ุฃูุงูุฑ ุงููุนูููุงุช ุจูุฌุงุญ
2025-12-16 15:09:26 | INFO     | discord_bot | โ ุชู ุชุณุฌูู ุฃูุงูุฑ ุงููุนูููุงุช
2025-12-16 15:09:26 | INFO     | discord_bot | ุชู ุฅุถุงูุฉ Views ุงูุฏุงุฆูุฉ
2025-12-16 15:09:27 | INFO     | discord_bot | โ ุชู ูุฒุงููุฉ 29 ุฃูุฑ ุนูู Guild: 1450024214181712028
2025-12-16 15:09:27 | INFO     | discord_bot | โ ุงูุจูุช ุฌุงูุฒ: Zex-bot | ุงูุณูุฑูุฑุงุช: 1 | ุงูุฃุนุถุงุก: 2
2025-12-16 15:09:27 | INFO     | discord_bot | โ ==================================================
2025-12-16 15:09:27 | INFO     | discord_bot | โ ๐ ุงูุจูุช ุฌุงูุฒ ููุนูู!
2025-12-16 15:09:27 | INFO     | discord_bot | โ ==================================================
2025-12-16 15:15:49 | DEBUG    | discord_bot | ๐ โ DB: SELECT | ุฌุฏูู: settings
2025-12-16 15:15:50 | DEBUG    | discord_bot | ๐ ๐ฏ ุญุฏุซ: member_join | laviron1 ูู Zex
2025-12-16 15:15:50 | DEBUG    | discord_bot | ๐ ุชู ุฅุนุทุงุก laviron1 ุฏูุฑ ๐ฉMember๐ช
2025-12-16 15:16:21 | DEBUG    | discord_bot | ๐ ๐ฏ ุญุฏุซ: member_remove | laviron1 ูู Zex
2025-12-16 15:17:21 | INFO     | discord_bot | ๐ ุฃูุฑ: /8ball | ุงููุณุชุฎุฏู: dark_king0372_25672 | ุงูุณูุฑูุฑ: Zex
2025-12-16 15:18:06 | INFO     | discord_bot | ๐ ุฃูุฑ: /about | ุงููุณุชุฎุฏู: dark_king0372_25672 | ุงูุณูุฑูุฑ: Zex
2025-12-16 15:18:56 | INFO     | discord_bot | ๐ ุฃูุฑ: /help | ุงููุณุชุฎุฏู: dark_king0372_25672 | ุงูุณูุฑูุฑ: Zex
2025-12-16 15:19:23 | INFO     | discord_bot | ๐ ุฃูุฑ: /help | ุงููุณุชุฎุฏู: dark_king0372_25672 | ุงูุณูุฑูุฑ: Zex
2025-12-16 15:19:44 | INFO     | discord_bot | ๐ ุฃูุฑ: /help | ุงููุณุชุฎุฏู: dark_king0372_25672 | ุงูุณูุฑูุฑ: Zex
2025-12-16 15:20:12 | INFO     | discord_bot | ๐ ุฃูุฑ: /help | ุงููุณุชุฎุฏู: dark_king0372_25672 | ุงูุณูุฑูุฑ: Zex
2025-12-16 15:20:37 | INFO     | discord_bot | ุชู ุฅูุดุงุก ููุญุฉ ุชูุชุงุช ูู Zex
2025-12-16 15:21:06 | INFO     | discord_bot | ุชู ุฅูุดุงุก ููุญุฉ ุชูุชุงุช ูู Zex
2025-12-16 15:27:55 | INFO     | discord_bot | ==================================================
2025-12-16 15:27:55 | INFO     | discord_bot | ุจุฏุก ุชุดุบูู ุงูุจูุช...
2025-12-16 15:27:55 | INFO     | discord_bot | ==================================================
2025-12-16 15:27:59 | INFO     | discord_bot | ุงูุจูุช ูุชุตู: Zex-bot (ID: 1450044386606841928)
2025-12-16 15:27:59 | INFO     | discord_bot | Discord.py Version: 2.6.4
2025-12-16 15:27:59 | INFO     | discord_bot | Python Version: 3.11.13 (main, Jun  3 2025, 18:38:25) [GCC 14.3.0]
2025-12-16 15:27:59 | INFO     | discord_bot | โ ุฌููุน ุงูุฌุฏุงูู ุฌุงูุฒุฉ โ
2025-12-16 15:27:59 | INFO     | discord_bot | โ ูุงุนุฏุฉ ุงูุจูุงูุงุช ูุชุตูุฉ ุจูุฌุงุญ
2025-12-16 15:27:59 | INFO     | discord_bot | ุจุฏุก ุชุณุฌูู ุงูุฃูุงูุฑ...
2025-12-16 15:27:59 | INFO     | discord_bot | โ ุชู ุชุณุฌูู ุฃูุงูุฑ ุงูุฅุฏุงุฑุฉ
2025-12-16 15:27:59 | INFO     | discord_bot | โ ุชู ุชุณุฌูู ุฃูุงูุฑ ุงูุฅุนุฏุงุฏุงุช
2025-12-16 15:27:59 | INFO     | discord_bot | โ ุชู ุชุณุฌูู ุฃูุงูุฑ ุงููููุนุฉ ุจูุฌุงุญ
2025-12-16 15:27:59 | INFO     | discord_bot | โ ุชู ุชุณุฌูู ุฃูุงูุฑ ุงููููุนุฉ
2025-12-16 15:27:59 | INFO     | discord_bot | โ ุชู ุชุณุฌูู ุฃูุงูุฑ ุงูุฑุฏูุฏ ุงูุชููุงุฆูุฉ
2025-12-16 15:27:59 | INFO     | discord_bot | โ ุชู ุชุณุฌูู ุฃูุงูุฑ ุงูุชุฐุงูุฑ
2025-12-16 15:27:59 | INFO     | discord_bot | โ ุชู ุชุณุฌูู ุฃูุงูุฑ ุงููุฑุญ ุจูุฌุงุญ
2025-12-16 15:27:59 | INFO     | discord_bot | โ ุชู ุชุณุฌูู ุฃูุงูุฑ ุงููุฑุญ
2025-12-16 15:27:59 | INFO     | discord_bot | โ ุชู ุชุณุฌูู ุฃูุงูุฑ ุงููุนูููุงุช ุจูุฌุงุญ
2025-12-16 15:27:59 | INFO     | discord_bot | โ ุชู ุชุณุฌูู ุฃูุงูุฑ ุงููุนูููุงุช
2025-12-16 15:27:59 | INFO     | discord_bot | ุชู ุฅุถุงูุฉ Views ุงูุฏุงุฆูุฉ
2025-12-16 15:27:59 | INFO     | discord_bot | โ ุชู ูุฒุงููุฉ 29 ุฃูุฑ ุนูู Guild: 1450024214181712028
2025-12-16 15:27:59 | INFO     | discord_bot | โ ุงูุจูุช ุฌุงูุฒ: Zex-bot | ุงูุณูุฑูุฑุงุช: 1 | ุงูุฃุนุถุงุก: 2
2025-12-16 15:27:59 | INFO     | discord_bot | โ ==================================================
2025-12-16 15:27:59 | INFO     | discord_bot | โ ๐ ุงูุจูุช ุฌุงูุฒ ููุนูู!
2025-12-16 15:27:59 | INFO     | discord_bot | โ ==================================================
